<?xml version="1.0" encoding="UTF-8"?>
<!-- Generated by org.testng.reporters.JUnitReportReporter -->
<testsuite hostname="LAPTOP-O5HOME6R" failures="0" tests="1" name="com.Ebanking.TestCases.TC_Logintest_001" time="7.004" errors="0" timestamp="17 Sep 2022 06:00:21 GMT">
  <testcase classname="com.Ebanking.TestCases.TC_Logintest_001" name="Logintest" time="7.004"/>
</testsuite> <!-- com.Ebanking.TestCases.TC_Logintest_001 -->
